<?xml version="1.0" encoding="UTF-8"?>
<!-- Generated by org.testng.reporters.JUnitXMLReporter -->
<testsuite ignored="2" hostname="DESKTOP-G0TE6BH" failures="0" tests="1" name="Default test" time="0.319" errors="0" timestamp="2023-04-05T09:46:23 IST">
  <testcase classname="com.Automation.testcases.Tespra" name="bc" time="0.032"/>
  <testcase classname="com.Automation.testcases.Tespra" name="acd" time="0.0">
    <ignored/>
  </testcase> <!-- acd -->
  <testcase classname="com.Automation.testcases.Tespra" name="m1" time="0.0">
    <ignored/>
  </testcase> <!-- m1 -->
</testsuite> <!-- Default test -->
