<?xml version="1.0" encoding="UTF-8"?>
<testng-results ignored="2" total="3" passed="1" failed="0" skipped="0">
  <reporter-output>
  </reporter-output>
  <suite started-at="2023-04-05T09:46:22 IST" name="Default suite" finished-at="2023-04-05T09:46:23 IST" duration-ms="319">
    <groups>
    </groups>
    <test started-at="2023-04-05T09:46:22 IST" name="Default test" finished-at="2023-04-05T09:46:23 IST" duration-ms="319">
      <class name="com.Automation.testcases.Tespra">
        <test-method signature="bc()[pri:0, instance:com.Automation.testcases.Tespra@53fe15ff]" started-at="2023-04-05T09:46:23 IST" name="bc" finished-at="2023-04-05T09:46:23 IST" duration-ms="32" status="PASS">
          <reporter-output>
          </reporter-output>
        </test-method> <!-- bc -->
      </class> <!-- com.Automation.testcases.Tespra -->
    </test> <!-- Default test -->
  </suite> <!-- Default suite -->
</testng-results>
